Archivo: prueba.cpp
Compilado:  06/12/2022 03:20:52 p. m.
# = Caracter
include = Identificador
< = OperadorRelacional
stdio = Identificador
. = Caracter
h = Identificador
> = OperadorRelacional
# = Caracter
include = Identificador
< = OperadorRelacional
conio = Identificador
. = Caracter
h = Identificador
> = OperadorRelacional
# = Caracter
include = Identificador
< = OperadorRelacional
math = Identificador
. = Caracter
h = Identificador
> = OperadorRelacional
# = Caracter
include = Identificador
< = OperadorRelacional
graphics = Identificador
. = Caracter
h = Identificador
> = OperadorRelacional
# = Caracter
include = Identificador
< = OperadorRelacional
stdio = Identificador
. = Caracter
h = Identificador
> = OperadorRelacional
# = Caracter
include = Identificador
< = OperadorRelacional
conio = Identificador
. = Caracter
h = Identificador
> = OperadorRelacional
# = Caracter
include = Identificador
< = OperadorRelacional
math = Identificador
. = Caracter
h = Identificador
> = OperadorRelacional
# = Caracter
include = Identificador
< = OperadorRelacional
graphics = Identificador
. = Caracter
h = Identificador
> = OperadorRelacional
void = Identificador
main = Identificador
( = ParentesisIzquierdo
) = ParentesisDerecho
{ = InicioBloque
cout = Identificador
> = OperadorRelacional
> = OperadorRelacional
"Ingrese el radio: " = Cadena
; = FinSentencia
cin = Identificador
< = OperadorRelacional
< = OperadorRelacional
radio = Identificador
; = FinSentencia
if = Condicion
( = ParentesisIzquierdo
a = Identificador
< = OperadorRelacional
b = Identificador
) = ParentesisDerecho
{ = InicioBloque
cout = Identificador
> = OperadorRelacional
> = OperadorRelacional
"Ingrese el radio: " = Cadena
; = FinSentencia
cin = Identificador
< = OperadorRelacional
< = OperadorRelacional
radio = Identificador
; = FinSentencia
} = FinBloque
if = Condicion
( = ParentesisIzquierdo
1 = Numero
!= = OperadorRelacional
2 = Numero
) = ParentesisDerecho
if = Condicion
( = ParentesisIzquierdo
radio = Identificador
>= = OperadorRelacional
100 = Numero
) = ParentesisDerecho
if = Condicion
( = ParentesisIzquierdo
a = Identificador
== = OperadorRelacional
b = Identificador
) = ParentesisDerecho
cout = Identificador
> = OperadorRelacional
> = OperadorRelacional
"Ingrese el radio: " = Cadena
; = FinSentencia
do = Ciclo
{ = InicioBloque
cout = Identificador
> = OperadorRelacional
> = OperadorRelacional
"Radio" = Cadena
; = FinSentencia
} = FinBloque
while = Ciclo
( = ParentesisIzquierdo
a = Identificador
== = OperadorRelacional
b = Identificador
) = ParentesisDerecho
; = FinSentencia
while = Ciclo
( = ParentesisIzquierdo
a = Identificador
!= = OperadorRelacional
15 = Numero
) = ParentesisDerecho
cout = Identificador
> = OperadorRelacional
> = OperadorRelacional
"Hola mundo" = Cadena
; = FinSentencia
for = Ciclo
( = ParentesisIzquierdo
a = Identificador
= = Asignacion
0 = Numero
; = FinSentencia
a = Identificador
<= = OperadorRelacional
10 = Numero
; = FinSentencia
a = Identificador
++ = IncrementoTermino
) = ParentesisDerecho
{ = InicioBloque
cout = Identificador
> = OperadorRelacional
> = OperadorRelacional
"Hola mundo" = Cadena
; = FinSentencia
a = Identificador
++ = IncrementoTermino
; = FinSentencia
} = FinBloque
a = Identificador
= = Asignacion
0 = Numero
; = FinSentencia
a = Identificador
= = Asignacion
( = ParentesisIzquierdo
3 = Numero
+ = OperadorTermino
5 = Numero
) = ParentesisDerecho
* = OperadorFactor
8 = Numero
- = OperadorTermino
( = ParentesisIzquierdo
10 = Numero
- = OperadorTermino
4 = Numero
) = ParentesisDerecho
/ = OperadorFactor
2 = Numero
; = FinSentencia
radio = Identificador
= = Asignacion
pi = Identificador
* = OperadorFactor
( = ParentesisIzquierdo
radio = Identificador
* = OperadorFactor
radio = Identificador
) = ParentesisDerecho
; = FinSentencia
} = FinBloque
